{
  "RSpec": {
    "coverage": {
      "/home/calico/codefellows/ticketee/app/models/user.rb": [
        1,
        null,
        null,
        1,
        null,
        null,
        null,
        1,
        1,
        null,
        1,
        null,
        null,
        1,
        42,
        null,
        null
      ],
      "/home/calico/codefellows/ticketee/app/controllers/application_controller.rb": [
        1,
        1,
        null,
        1,
        null,
        1,
        75,
        75,
        6,
        6,
        null,
        null,
        null,
        null
      ],
      "/home/calico/codefellows/ticketee/app/helpers/application_helper.rb": [
        1,
        1,
        28,
        28,
        28,
        null,
        null,
        null,
        null,
        1,
        292,
        null,
        null,
        1,
        25,
        70,
        null,
        null
      ],
      "/home/calico/codefellows/ticketee/app/helpers/admin/permissions_helper.rb": [
        1,
        null,
        1,
        null,
        null,
        null,
        null,
        null,
        16,
        null,
        null
      ],
      "/home/calico/codefellows/ticketee/app/helpers/admin/users_helper.rb": [
        1,
        null
      ],
      "/home/calico/codefellows/ticketee/app/helpers/comments_helper.rb": [
        1,
        null
      ],
      "/home/calico/codefellows/ticketee/app/helpers/files_helper.rb": [
        1,
        null
      ],
      "/home/calico/codefellows/ticketee/app/helpers/projects_helper.rb": [
        1,
        null
      ],
      "/home/calico/codefellows/ticketee/app/helpers/tickets_helper.rb": [
        1,
        null
      ],
      "/home/calico/codefellows/ticketee/app/helpers/users_helper.rb": [
        1,
        null
      ],
      "/home/calico/codefellows/ticketee/app/controllers/admin/base_controller.rb": [
        1,
        1,
        null,
        1,
        null,
        null,
        null
      ],
      "/home/calico/codefellows/ticketee/app/controllers/admin/permissions_controller.rb": [
        1,
        1,
        null,
        1,
        8,
        8,
        null,
        null,
        1,
        4,
        4,
        4,
        4,
        7,
        null,
        null,
        null,
        null,
        4,
        4,
        null,
        null,
        null,
        1,
        null,
        1,
        12,
        null,
        null
      ],
      "/home/calico/codefellows/ticketee/app/models/permission.rb": [
        1,
        1,
        1,
        1,
        null
      ],
      "/home/calico/codefellows/ticketee/app/controllers/admin/users_controller.rb": [
        1,
        1,
        null,
        1,
        18,
        null,
        null,
        1,
        null,
        null,
        null,
        1,
        3,
        null,
        null,
        1,
        3,
        3,
        2,
        2,
        null,
        1,
        1,
        null,
        null,
        null,
        1,
        null,
        null,
        null,
        1,
        3,
        3,
        3,
        3,
        null,
        null,
        3,
        2,
        2,
        null,
        1,
        1,
        null,
        null,
        null,
        1,
        2,
        1,
        null,
        1,
        1,
        null,
        2,
        null,
        null,
        1,
        null,
        1,
        17,
        null,
        null,
        null,
        null
      ],
      "/home/calico/codefellows/ticketee/app/controllers/comments_controller.rb": [
        1,
        null,
        1,
        1,
        null,
        1,
        2,
        2,
        2,
        1,
        1,
        null,
        1,
        1,
        null,
        null,
        null,
        1,
        null,
        1,
        2,
        null,
        null
      ],
      "/home/calico/codefellows/ticketee/app/models/comment.rb": [
        1,
        1,
        1,
        1,
        null
      ],
      "/home/calico/codefellows/ticketee/app/controllers/files_controller.rb": [
        1,
        1,
        1,
        2,
        2,
        1,
        null,
        null,
        null,
        1,
        1,
        null,
        null,
        null,
        1,
        5,
        5,
        null,
        null,
        5,
        null,
        null,
        null
      ],
      "/home/calico/codefellows/ticketee/app/controllers/projects_controller.rb": [
        1,
        1,
        1,
        1,
        null,
        null,
        null,
        null,
        1,
        73,
        null,
        1,
        2,
        null,
        1,
        2,
        2,
        1,
        1,
        null,
        1,
        1,
        null,
        null,
        null,
        1,
        null,
        null,
        1,
        null,
        null,
        1,
        0,
        0,
        0,
        null,
        0,
        0,
        null,
        null,
        null,
        1,
        0,
        0,
        0,
        null,
        null,
        1,
        null,
        1,
        32,
        null,
        4,
        null,
        4,
        null,
        null
      ],
      "/home/calico/codefellows/ticketee/app/models/project.rb": [
        1,
        1,
        null,
        1,
        null,
        1,
        null,
        1,
        1,
        109,
        null,
        null,
        1,
        149,
        null,
        null,
        null,
        null,
        null
      ],
      "/home/calico/codefellows/ticketee/app/controllers/registrations_controller.rb": [
        1,
        null,
        1,
        null,
        1,
        1,
        null,
        null
      ],
      "/home/calico/codefellows/ticketee/app/controllers/tickets_controller.rb": [
        1,
        null,
        1,
        1,
        1,
        1,
        1,
        1,
        null,
        null,
        1,
        3,
        1,
        1,
        null,
        null,
        null,
        1,
        5,
        5,
        null,
        null,
        1,
        5,
        5,
        5,
        3,
        3,
        null,
        2,
        2,
        null,
        null,
        null,
        1,
        20,
        null,
        null,
        1,
        null,
        null,
        1,
        3,
        2,
        2,
        null,
        1,
        1,
        null,
        null,
        null,
        1,
        2,
        2,
        2,
        null,
        null,
        1,
        8,
        2,
        2,
        null,
        null,
        null,
        null,
        null,
        null,
        1,
        null,
        1,
        44,
        null,
        1,
        null,
        1,
        null,
        null,
        1,
        31,
        null,
        null,
        1,
        12,
        2,
        2,
        null,
        null,
        null
      ],
      "/home/calico/codefellows/ticketee/app/models/ticket.rb": [
        1,
        1,
        1,
        1,
        1,
        1,
        1,
        1,
        1,
        null,
        null
      ],
      "/home/calico/codefellows/ticketee/app/controllers/users_controller.rb": [
        1,
        1,
        null,
        null
      ],
      "/home/calico/codefellows/ticketee/app/models/ability.rb": [
        1,
        1,
        null,
        1,
        82,
        119,
        null,
        null,
        41,
        null,
        null,
        null,
        null,
        null
      ],
      "/home/calico/codefellows/ticketee/app/models/asset.rb": [
        1,
        1,
        1,
        null,
        1,
        null
      ]
    },
    "timestamp": 1363819392
  }
}
